2022-11-28 18:21:13,875 [Worker-0: Loading available Gradle versions] INFO  o.e.b.c.i.u.g.PublishedGradleVersions - Gradle version information cache is up-to-date. Trying to read.
2022-11-28 18:26:19,200 [Worker-9: Creating maven-archetype-quickstart] INFO  o.e.m.c.i.p.ProjectConfigurationManager - Collecting project info '/pom.xml' D:\STS Workspace\Case Studies\CoreJAVA\sa20423149.corejava.rating\pom.xml
2022-11-28 18:26:20,624 [Worker-9: Creating maven-archetype-quickstart] INFO  o.e.m.c.i.l.LifecycleMappingFactory - Using org.eclipse.m2e.jdt.JarLifecycleMapping lifecycle mapping for MavenProject: SA20423149_CoreJAVA_Rating:sa20423149.corejava.rating:0.0.1-SNAPSHOT @ D:\STS Workspace\Case Studies\CoreJAVA\sa20423149.corejava.rating\pom.xml.
2022-11-28 18:26:21,318 [Worker-9: Creating maven-archetype-quickstart] INFO  o.e.m.j.i.AbstractJavaProjectConfigurator - Adding source folder /sa20423149.corejava.rating/src/main/java
2022-11-28 18:26:21,323 [Worker-9: Creating maven-archetype-quickstart] INFO  o.e.m.j.i.AbstractJavaProjectConfigurator - Adding source folder /sa20423149.corejava.rating/src/test/java
2022-11-28 18:26:21,917 [Worker-9: Creating maven-archetype-quickstart] INFO  o.e.m.c.i.p.ProjectConfigurationManager - Imported and configured 1 project(s) in 2 sec
2022-11-28 18:26:23,134 [Worker-10: Building] INFO  o.e.m.c.i.embedder.EclipseLogger - Using 'UTF-8' encoding to copy filtered resources.
2022-11-28 18:26:23,135 [Worker-10: Building] INFO  o.e.m.c.i.embedder.EclipseLogger - skip non existing resourceDirectory D:\STS Workspace\Case Studies\CoreJAVA\sa20423149.corejava.rating\src\main\resources
2022-11-28 18:26:23,137 [Worker-10: Building] INFO  o.e.m.c.i.embedder.EclipseLogger - Using 'UTF-8' encoding to copy filtered resources.
2022-11-28 18:26:23,137 [Worker-10: Building] INFO  o.e.m.c.i.embedder.EclipseLogger - skip non existing resourceDirectory D:\STS Workspace\Case Studies\CoreJAVA\sa20423149.corejava.rating\src\test\resources
2022-11-28 18:26:55,713 [Worker-12: Building] INFO  o.e.m.c.i.embedder.EclipseLogger - Using 'UTF-8' encoding to copy filtered resources.
2022-11-28 18:26:55,714 [Worker-12: Building] INFO  o.e.m.c.i.embedder.EclipseLogger - skip non existing resourceDirectory D:\STS Workspace\Case Studies\CoreJAVA\sa20423149.corejava.rating\src\main\resources
2022-11-28 18:26:55,715 [Worker-12: Building] INFO  o.e.m.c.i.embedder.EclipseLogger - Using 'UTF-8' encoding to copy filtered resources.
2022-11-28 18:26:55,716 [Worker-12: Building] INFO  o.e.m.c.i.embedder.EclipseLogger - skip non existing resourceDirectory D:\STS Workspace\Case Studies\CoreJAVA\sa20423149.corejava.rating\src\test\resources
2022-11-28 18:29:26,847 [Worker-11: Building] INFO  o.e.m.c.i.embedder.EclipseLogger - Using 'UTF-8' encoding to copy filtered resources.
2022-11-28 18:29:26,847 [Worker-11: Building] INFO  o.e.m.c.i.embedder.EclipseLogger - skip non existing resourceDirectory D:\STS Workspace\Case Studies\CoreJAVA\sa20423149.corejava.rating\src\main\resources
2022-11-28 18:29:26,852 [Worker-11: Building] INFO  o.e.m.c.i.embedder.EclipseLogger - Using 'UTF-8' encoding to copy filtered resources.
2022-11-28 18:29:26,852 [Worker-11: Building] INFO  o.e.m.c.i.embedder.EclipseLogger - skip non existing resourceDirectory D:\STS Workspace\Case Studies\CoreJAVA\sa20423149.corejava.rating\src\test\resources
2022-11-28 18:30:23,115 [Worker-10: Building] INFO  o.e.m.c.i.embedder.EclipseLogger - Using 'UTF-8' encoding to copy filtered resources.
2022-11-28 18:30:23,115 [Worker-10: Building] INFO  o.e.m.c.i.embedder.EclipseLogger - skip non existing resourceDirectory D:\STS Workspace\Case Studies\CoreJAVA\sa20423149.corejava.rating\src\main\resources
2022-11-28 18:30:23,117 [Worker-10: Building] INFO  o.e.m.c.i.embedder.EclipseLogger - Using 'UTF-8' encoding to copy filtered resources.
2022-11-28 18:30:23,117 [Worker-10: Building] INFO  o.e.m.c.i.embedder.EclipseLogger - skip non existing resourceDirectory D:\STS Workspace\Case Studies\CoreJAVA\sa20423149.corejava.rating\src\test\resources
2022-11-28 18:30:53,559 [Worker-15: Building] INFO  o.e.m.c.i.embedder.EclipseLogger - Using 'UTF-8' encoding to copy filtered resources.
2022-11-28 18:30:53,559 [Worker-15: Building] INFO  o.e.m.c.i.embedder.EclipseLogger - skip non existing resourceDirectory D:\STS Workspace\Case Studies\CoreJAVA\sa20423149.corejava.rating\src\main\resources
2022-11-28 18:30:53,561 [Worker-15: Building] INFO  o.e.m.c.i.embedder.EclipseLogger - Using 'UTF-8' encoding to copy filtered resources.
2022-11-28 18:30:53,561 [Worker-15: Building] INFO  o.e.m.c.i.embedder.EclipseLogger - skip non existing resourceDirectory D:\STS Workspace\Case Studies\CoreJAVA\sa20423149.corejava.rating\src\test\resources
2022-11-28 18:32:31,066 [Worker-16: Building] INFO  o.e.m.c.i.embedder.EclipseLogger - Using 'UTF-8' encoding to copy filtered resources.
2022-11-28 18:32:31,067 [Worker-16: Building] INFO  o.e.m.c.i.embedder.EclipseLogger - skip non existing resourceDirectory D:\STS Workspace\Case Studies\CoreJAVA\sa20423149.corejava.rating\src\main\resources
2022-11-28 18:32:31,068 [Worker-16: Building] INFO  o.e.m.c.i.embedder.EclipseLogger - Using 'UTF-8' encoding to copy filtered resources.
2022-11-28 18:32:31,068 [Worker-16: Building] INFO  o.e.m.c.i.embedder.EclipseLogger - skip non existing resourceDirectory D:\STS Workspace\Case Studies\CoreJAVA\sa20423149.corejava.rating\src\test\resources
2022-11-28 18:33:01,097 [Worker-11: Building] INFO  o.e.m.c.i.embedder.EclipseLogger - Using 'UTF-8' encoding to copy filtered resources.
2022-11-28 18:33:01,097 [Worker-11: Building] INFO  o.e.m.c.i.embedder.EclipseLogger - skip non existing resourceDirectory D:\STS Workspace\Case Studies\CoreJAVA\sa20423149.corejava.rating\src\main\resources
2022-11-28 18:33:01,098 [Worker-11: Building] INFO  o.e.m.c.i.embedder.EclipseLogger - Using 'UTF-8' encoding to copy filtered resources.
2022-11-28 18:33:01,099 [Worker-11: Building] INFO  o.e.m.c.i.embedder.EclipseLogger - skip non existing resourceDirectory D:\STS Workspace\Case Studies\CoreJAVA\sa20423149.corejava.rating\src\test\resources
2022-11-28 19:03:53,598 [Worker-20: Building] INFO  o.e.m.c.i.embedder.EclipseLogger - Using 'UTF-8' encoding to copy filtered resources.
2022-11-28 19:03:53,598 [Worker-20: Building] INFO  o.e.m.c.i.embedder.EclipseLogger - skip non existing resourceDirectory D:\STS Workspace\Case Studies\CoreJAVA\sa20423149.corejava.rating\src\main\resources
2022-11-28 19:03:53,601 [Worker-20: Building] INFO  o.e.m.c.i.embedder.EclipseLogger - Using 'UTF-8' encoding to copy filtered resources.
2022-11-28 19:03:53,601 [Worker-20: Building] INFO  o.e.m.c.i.embedder.EclipseLogger - skip non existing resourceDirectory D:\STS Workspace\Case Studies\CoreJAVA\sa20423149.corejava.rating\src\test\resources
2022-11-28 19:04:15,574 [Worker-22: Building] INFO  o.e.m.c.i.embedder.EclipseLogger - Using 'UTF-8' encoding to copy filtered resources.
2022-11-28 19:04:15,574 [Worker-22: Building] INFO  o.e.m.c.i.embedder.EclipseLogger - skip non existing resourceDirectory D:\STS Workspace\Case Studies\CoreJAVA\sa20423149.corejava.rating\src\main\resources
2022-11-28 19:04:15,575 [Worker-22: Building] INFO  o.e.m.c.i.embedder.EclipseLogger - Using 'UTF-8' encoding to copy filtered resources.
2022-11-28 19:04:15,575 [Worker-22: Building] INFO  o.e.m.c.i.embedder.EclipseLogger - skip non existing resourceDirectory D:\STS Workspace\Case Studies\CoreJAVA\sa20423149.corejava.rating\src\test\resources
2022-11-28 19:04:36,615 [Worker-9: Building] INFO  o.e.m.c.i.embedder.EclipseLogger - Using 'UTF-8' encoding to copy filtered resources.
2022-11-28 19:04:36,616 [Worker-9: Building] INFO  o.e.m.c.i.embedder.EclipseLogger - skip non existing resourceDirectory D:\STS Workspace\Case Studies\CoreJAVA\sa20423149.corejava.rating\src\main\resources
2022-11-28 19:04:36,617 [Worker-9: Building] INFO  o.e.m.c.i.embedder.EclipseLogger - Using 'UTF-8' encoding to copy filtered resources.
2022-11-28 19:04:36,617 [Worker-9: Building] INFO  o.e.m.c.i.embedder.EclipseLogger - skip non existing resourceDirectory D:\STS Workspace\Case Studies\CoreJAVA\sa20423149.corejava.rating\src\test\resources
2022-11-28 19:04:51,021 [Worker-23: Building] INFO  o.e.m.c.i.embedder.EclipseLogger - Using 'UTF-8' encoding to copy filtered resources.
2022-11-28 19:04:51,021 [Worker-23: Building] INFO  o.e.m.c.i.embedder.EclipseLogger - skip non existing resourceDirectory D:\STS Workspace\Case Studies\CoreJAVA\sa20423149.corejava.rating\src\main\resources
2022-11-28 19:04:51,022 [Worker-23: Building] INFO  o.e.m.c.i.embedder.EclipseLogger - Using 'UTF-8' encoding to copy filtered resources.
2022-11-28 19:04:51,022 [Worker-23: Building] INFO  o.e.m.c.i.embedder.EclipseLogger - skip non existing resourceDirectory D:\STS Workspace\Case Studies\CoreJAVA\sa20423149.corejava.rating\src\test\resources
2022-11-28 19:05:00,099 [Worker-23: Building] INFO  o.e.m.c.i.embedder.EclipseLogger - Using 'UTF-8' encoding to copy filtered resources.
2022-11-28 19:05:00,099 [Worker-23: Building] INFO  o.e.m.c.i.embedder.EclipseLogger - skip non existing resourceDirectory D:\STS Workspace\Case Studies\CoreJAVA\sa20423149.corejava.rating\src\main\resources
2022-11-28 19:05:00,101 [Worker-23: Building] INFO  o.e.m.c.i.embedder.EclipseLogger - Using 'UTF-8' encoding to copy filtered resources.
2022-11-28 19:05:00,101 [Worker-23: Building] INFO  o.e.m.c.i.embedder.EclipseLogger - skip non existing resourceDirectory D:\STS Workspace\Case Studies\CoreJAVA\sa20423149.corejava.rating\src\test\resources
2022-11-28 19:05:07,749 [Worker-24: Building] INFO  o.e.m.c.i.embedder.EclipseLogger - Using 'UTF-8' encoding to copy filtered resources.
2022-11-28 19:05:07,749 [Worker-24: Building] INFO  o.e.m.c.i.embedder.EclipseLogger - skip non existing resourceDirectory D:\STS Workspace\Case Studies\CoreJAVA\sa20423149.corejava.rating\src\main\resources
2022-11-28 19:05:07,750 [Worker-24: Building] INFO  o.e.m.c.i.embedder.EclipseLogger - Using 'UTF-8' encoding to copy filtered resources.
2022-11-28 19:05:07,750 [Worker-24: Building] INFO  o.e.m.c.i.embedder.EclipseLogger - skip non existing resourceDirectory D:\STS Workspace\Case Studies\CoreJAVA\sa20423149.corejava.rating\src\test\resources
2022-11-28 19:07:38,957 [Worker-20: Launching App] INFO  o.e.m.c.i.embedder.EclipseLogger - Using 'UTF-8' encoding to copy filtered resources.
2022-11-28 19:07:38,957 [Worker-20: Launching App] INFO  o.e.m.c.i.embedder.EclipseLogger - skip non existing resourceDirectory D:\STS Workspace\Case Studies\CoreJAVA\sa20423149.corejava.rating\src\main\resources
2022-11-28 19:07:38,959 [Worker-20: Launching App] INFO  o.e.m.c.i.embedder.EclipseLogger - Using 'UTF-8' encoding to copy filtered resources.
2022-11-28 19:07:38,960 [Worker-20: Launching App] INFO  o.e.m.c.i.embedder.EclipseLogger - skip non existing resourceDirectory D:\STS Workspace\Case Studies\CoreJAVA\sa20423149.corejava.rating\src\test\resources
2022-11-28 19:14:03,851 [Worker-22: Building] INFO  o.e.m.c.i.embedder.EclipseLogger - Using 'UTF-8' encoding to copy filtered resources.
2022-11-28 19:14:03,851 [Worker-22: Building] INFO  o.e.m.c.i.embedder.EclipseLogger - skip non existing resourceDirectory D:\STS Workspace\Case Studies\CoreJAVA\sa20423149.corejava.rating\src\main\resources
2022-11-28 19:14:03,852 [Worker-22: Building] INFO  o.e.m.c.i.embedder.EclipseLogger - Using 'UTF-8' encoding to copy filtered resources.
2022-11-28 19:14:03,852 [Worker-22: Building] INFO  o.e.m.c.i.embedder.EclipseLogger - skip non existing resourceDirectory D:\STS Workspace\Case Studies\CoreJAVA\sa20423149.corejava.rating\src\test\resources
2022-11-29 16:52:39,156 [Worker-0: Loading available Gradle versions] INFO  o.e.b.c.i.u.g.PublishedGradleVersions - Gradle version information cache is up-to-date. Trying to read.
